<?xml version="1.0" encoding="UTF-8"?>
<testsuite xmlns:xsi="http://www.w3.org/2001/XMLSchema-instance" xsi:noNamespaceSchemaLocation="https://maven.apache.org/surefire/maven-surefire-plugin/xsd/surefire-test-report.xsd" version="3.0.2" name="pedido_Test.Pedido_Test" time="0.142" tests="4" errors="0" skipped="0" failures="0" flakes="0">
  <properties>
[...]
</properties>
  <testcase name="UmPedidoDeveSerExcluido" classname="pedido_Test.Pedido_Test" time="0.051">
    <system-out><![CDATA[Categoria criada: Categoria [id=0, nome=qualquer]
Entrou no construtor
]]></system-out>
  </testcase>
  <testcase name="test" classname="pedido_Test.Pedido_Test" time="0.009"/>
  <testcase name="UmPedidoDeveSerCriado" classname="pedido_Test.Pedido_Test" time="0.04">
    <system-out><![CDATA[Categoria criada: Categoria [id=0, nome=qualquer]
Entrou no construtor
Entrou no construtor
]]></system-out>
  </testcase>
  <testcase name="UmPedidoNaoPodeSerCriadoSemUmProduto" classname="pedido_Test.Pedido_Test" time="0.008"/>
</testsuite>